0 verbose cli /usr/bin/node /usr/bin/npm
1 info using npm@10.8.2
2 info using node@v20.17.0
3 silly config load:file:/usr/lib/node_modules/npm/npmrc
4 silly config load:file:/home/user/backend/.npmrc
5 silly config load:file:/home/user/.npmrc
6 silly config load:file:/usr/etc/npmrc
7 verbose title npm install express mongoose multer xlsx
8 verbose argv "install" "express" "mongoose" "multer" "xlsx"
9 verbose logfile logs-max:10 dir:/home/user/.npm/_logs/2024-09-15T10_21_44_108Z-
10 verbose logfile /home/user/.npm/_logs/2024-09-15T10_21_44_108Z-debug-0.log
11 silly packumentCache heap:2114453504 maxSize:528613376 maxEntrySize:264306688
12 silly logfile done cleaning log files
13 silly idealTree buildDeps
14 silly fetch manifest express@*
15 silly packumentCache full:https://registry.npmjs.org/express cache-miss
16 http fetch GET 200 https://registry.npmjs.org/express 284ms (cache miss)
17 silly packumentCache full:https://registry.npmjs.org/express set size:undefined disposed:false
18 silly fetch manifest mongoose@*
19 silly packumentCache full:https://registry.npmjs.org/mongoose cache-miss
20 http fetch GET 200 https://registry.npmjs.org/mongoose 648ms (cache miss)
21 silly packumentCache full:https://registry.npmjs.org/mongoose set size:undefined disposed:false
22 silly fetch manifest multer@*
23 silly packumentCache full:https://registry.npmjs.org/multer cache-miss
24 http fetch GET 200 https://registry.npmjs.org/multer 113ms (cache miss)
25 silly packumentCache full:https://registry.npmjs.org/multer set size:undefined disposed:false
26 silly fetch manifest xlsx@*
27 silly packumentCache full:https://registry.npmjs.org/xlsx cache-miss
28 http fetch GET 200 https://registry.npmjs.org/xlsx 62ms (cache miss)
29 silly packumentCache full:https://registry.npmjs.org/xlsx set size:undefined disposed:false
30 silly placeDep ROOT express@4.21.0 OK for: backend@1.0.0 want: *
31 silly placeDep ROOT mongoose@8.6.2 OK for: backend@1.0.0 want: *
32 silly placeDep ROOT multer@1.4.5-lts.1 OK for: backend@1.0.0 want: *
33 silly placeDep ROOT xlsx@0.18.5 OK for: backend@1.0.0 want: *
34 silly fetch manifest accepts@~1.3.8
35 silly packumentCache full:https://registry.npmjs.org/accepts cache-miss
36 silly fetch manifest array-flatten@1.1.1
37 silly packumentCache full:https://registry.npmjs.org/array-flatten cache-miss
38 silly fetch manifest body-parser@1.20.3
39 silly packumentCache full:https://registry.npmjs.org/body-parser cache-miss
40 silly fetch manifest content-disposition@0.5.4
41 silly packumentCache full:https://registry.npmjs.org/content-disposition cache-miss
42 silly fetch manifest content-type@~1.0.4
43 silly packumentCache full:https://registry.npmjs.org/content-type cache-miss
44 silly fetch manifest cookie@0.6.0
45 silly packumentCache full:https://registry.npmjs.org/cookie cache-miss
46 silly fetch manifest cookie-signature@1.0.6
47 silly packumentCache full:https://registry.npmjs.org/cookie-signature cache-miss
48 http fetch GET 200 https://registry.npmjs.org/accepts 167ms (cache miss)
49 silly packumentCache full:https://registry.npmjs.org/accepts set size:undefined disposed:false
50 silly fetch manifest debug@2.6.9
51 silly packumentCache full:https://registry.npmjs.org/debug cache-miss
52 http fetch GET 200 https://registry.npmjs.org/array-flatten 228ms (cache miss)
53 silly packumentCache full:https://registry.npmjs.org/array-flatten set size:undefined disposed:false
54 silly fetch manifest depd@2.0.0
55 silly packumentCache full:https://registry.npmjs.org/depd cache-miss
56 http fetch GET 200 https://registry.npmjs.org/content-type 232ms (cache miss)
57 silly packumentCache full:https://registry.npmjs.org/content-type set size:undefined disposed:false
58 silly fetch manifest encodeurl@~2.0.0
59 silly packumentCache full:https://registry.npmjs.org/encodeurl cache-miss
60 http fetch GET 200 https://registry.npmjs.org/content-disposition 245ms (cache miss)
61 silly packumentCache full:https://registry.npmjs.org/content-disposition set size:undefined disposed:false
62 silly fetch manifest escape-html@~1.0.3
63 silly packumentCache full:https://registry.npmjs.org/escape-html cache-miss
64 http fetch GET 200 https://registry.npmjs.org/cookie-signature 252ms (cache miss)
65 silly packumentCache full:https://registry.npmjs.org/cookie-signature set size:undefined disposed:false
66 silly fetch manifest etag@~1.8.1
67 silly packumentCache full:https://registry.npmjs.org/etag cache-miss
68 http fetch GET 200 https://registry.npmjs.org/cookie 272ms (cache miss)
69 silly packumentCache full:https://registry.npmjs.org/cookie set size:undefined disposed:false
70 silly fetch manifest finalhandler@1.3.1
71 silly packumentCache full:https://registry.npmjs.org/finalhandler cache-miss
72 http fetch GET 200 https://registry.npmjs.org/body-parser 326ms (cache miss)
73 silly packumentCache full:https://registry.npmjs.org/body-parser set size:undefined disposed:false
74 silly fetch manifest fresh@0.5.2
75 silly packumentCache full:https://registry.npmjs.org/fresh cache-miss
76 http fetch GET 200 https://registry.npmjs.org/debug 175ms (cache miss)
77 silly packumentCache full:https://registry.npmjs.org/debug set size:undefined disposed:false
78 silly fetch manifest http-errors@2.0.0
79 silly packumentCache full:https://registry.npmjs.org/http-errors cache-miss
80 http fetch GET 200 https://registry.npmjs.org/escape-html 113ms (cache miss)
81 silly packumentCache full:https://registry.npmjs.org/escape-html set size:undefined disposed:false
82 silly fetch manifest merge-descriptors@1.0.3
83 silly packumentCache full:https://registry.npmjs.org/merge-descriptors cache-miss
84 http fetch GET 200 https://registry.npmjs.org/encodeurl 127ms (cache miss)
85 silly packumentCache full:https://registry.npmjs.org/encodeurl set size:undefined disposed:false
86 silly fetch manifest methods@~1.1.2
87 silly packumentCache full:https://registry.npmjs.org/methods cache-miss
88 http fetch GET 200 https://registry.npmjs.org/depd 152ms (cache miss)
89 silly packumentCache full:https://registry.npmjs.org/depd set size:undefined disposed:false
90 silly fetch manifest on-finished@2.4.1
91 silly packumentCache full:https://registry.npmjs.org/on-finished cache-miss
92 http fetch GET 200 https://registry.npmjs.org/etag 132ms (cache miss)
93 silly packumentCache full:https://registry.npmjs.org/etag set size:undefined disposed:false
94 silly fetch manifest parseurl@~1.3.3
95 silly packumentCache full:https://registry.npmjs.org/parseurl cache-miss
96 http fetch GET 200 https://registry.npmjs.org/finalhandler 137ms (cache miss)
97 silly packumentCache full:https://registry.npmjs.org/finalhandler set size:undefined disposed:false
98 silly fetch manifest path-to-regexp@0.1.10
99 silly packumentCache full:https://registry.npmjs.org/path-to-regexp cache-miss
100 http fetch GET 200 https://registry.npmjs.org/fresh 3658ms (cache miss)
101 silly packumentCache full:https://registry.npmjs.org/fresh set size:undefined disposed:false
102 silly fetch manifest proxy-addr@~2.0.7
103 silly packumentCache full:https://registry.npmjs.org/proxy-addr cache-miss
104 http fetch GET 200 https://registry.npmjs.org/methods 3974ms (cache miss)
105 silly packumentCache full:https://registry.npmjs.org/methods set size:undefined disposed:false
106 silly fetch manifest qs@6.13.0
107 silly packumentCache full:https://registry.npmjs.org/qs cache-miss
108 http fetch GET 200 https://registry.npmjs.org/http-errors 4014ms (cache miss)
109 silly packumentCache full:https://registry.npmjs.org/http-errors set size:undefined disposed:false
110 silly fetch manifest range-parser@~1.2.1
111 silly packumentCache full:https://registry.npmjs.org/range-parser cache-miss
112 http fetch GET 200 https://registry.npmjs.org/merge-descriptors 4070ms (cache miss)
113 silly packumentCache full:https://registry.npmjs.org/merge-descriptors set size:undefined disposed:false
114 silly fetch manifest safe-buffer@5.2.1
115 silly packumentCache full:https://registry.npmjs.org/safe-buffer cache-miss
116 http fetch GET 200 https://registry.npmjs.org/on-finished 4343ms (cache miss)
117 silly packumentCache full:https://registry.npmjs.org/on-finished set size:undefined disposed:false
118 silly fetch manifest send@0.19.0
119 silly packumentCache full:https://registry.npmjs.org/send cache-miss
120 http fetch GET 200 https://registry.npmjs.org/parseurl 4406ms (cache miss)
121 silly packumentCache full:https://registry.npmjs.org/parseurl set size:undefined disposed:false
122 silly fetch manifest serve-static@1.16.2
123 silly packumentCache full:https://registry.npmjs.org/serve-static cache-miss
124 http fetch GET 200 https://registry.npmjs.org/range-parser 639ms (cache miss)
125 silly packumentCache full:https://registry.npmjs.org/range-parser set size:undefined disposed:false
126 silly fetch manifest setprototypeof@1.2.0
127 silly packumentCache full:https://registry.npmjs.org/setprototypeof cache-miss
128 http fetch GET 200 https://registry.npmjs.org/proxy-addr 863ms (cache miss)
129 silly packumentCache full:https://registry.npmjs.org/proxy-addr set size:undefined disposed:false
130 silly fetch manifest statuses@2.0.1
131 silly packumentCache full:https://registry.npmjs.org/statuses cache-miss
132 http fetch GET 200 https://registry.npmjs.org/safe-buffer 948ms (cache miss)
133 silly packumentCache full:https://registry.npmjs.org/safe-buffer set size:undefined disposed:false
134 silly fetch manifest type-is@~1.6.18
135 silly packumentCache full:https://registry.npmjs.org/type-is cache-miss
136 http fetch GET 200 https://registry.npmjs.org/qs 1044ms (cache miss)
137 silly packumentCache full:https://registry.npmjs.org/qs set size:undefined disposed:false
138 silly fetch manifest utils-merge@1.0.1
139 silly packumentCache full:https://registry.npmjs.org/utils-merge cache-miss
140 http fetch GET 200 https://registry.npmjs.org/path-to-regexp 5807ms (cache miss)
141 silly packumentCache full:https://registry.npmjs.org/path-to-regexp set size:undefined disposed:false
142 silly fetch manifest vary@~1.1.2
143 silly packumentCache full:https://registry.npmjs.org/vary cache-miss
144 http fetch GET 200 https://registry.npmjs.org/setprototypeof 1978ms (cache miss)
145 silly packumentCache full:https://registry.npmjs.org/setprototypeof set size:undefined disposed:false
146 silly fetch manifest ms@2.1.3
147 silly packumentCache full:https://registry.npmjs.org/ms cache-miss
148 http fetch GET 200 https://registry.npmjs.org/send 2308ms (cache miss)
149 silly packumentCache full:https://registry.npmjs.org/send set size:undefined disposed:false
150 silly fetch manifest bson@^6.7.0
151 silly packumentCache full:https://registry.npmjs.org/bson cache-miss
152 http fetch GET 200 https://registry.npmjs.org/statuses 1957ms (cache miss)
153 silly packumentCache full:https://registry.npmjs.org/statuses set size:undefined disposed:false
154 silly fetch manifest sift@17.1.3
155 silly packumentCache full:https://registry.npmjs.org/sift cache-miss
156 http fetch GET 200 https://registry.npmjs.org/utils-merge 560ms (cache miss)
157 silly packumentCache full:https://registry.npmjs.org/utils-merge set size:undefined disposed:false
158 silly fetch manifest mpath@0.9.0
159 silly packumentCache full:https://registry.npmjs.org/mpath cache-miss
160 http fetch GET 200 https://registry.npmjs.org/serve-static 2394ms (cache miss)
161 silly packumentCache full:https://registry.npmjs.org/serve-static set size:undefined disposed:false
162 silly fetch manifest kareem@2.6.3
163 silly packumentCache full:https://registry.npmjs.org/kareem cache-miss
164 http fetch GET 200 https://registry.npmjs.org/type-is 1839ms (cache miss)
165 silly packumentCache full:https://registry.npmjs.org/type-is set size:undefined disposed:false
166 silly fetch manifest mquery@5.0.0
167 silly packumentCache full:https://registry.npmjs.org/mquery cache-miss
168 http fetch GET 200 https://registry.npmjs.org/vary 331ms (cache miss)
169 silly packumentCache full:https://registry.npmjs.org/vary set size:undefined disposed:false
170 silly fetch manifest mongodb@6.8.0
171 silly packumentCache full:https://registry.npmjs.org/mongodb cache-miss
172 http fetch GET 200 https://registry.npmjs.org/ms 303ms (cache miss)
173 silly packumentCache full:https://registry.npmjs.org/ms set size:undefined disposed:false
174 silly fetch manifest append-field@^1.0.0
175 silly packumentCache full:https://registry.npmjs.org/append-field cache-miss
176 http fetch GET 200 https://registry.npmjs.org/mpath 240ms (cache miss)
177 silly packumentCache full:https://registry.npmjs.org/mpath set size:undefined disposed:false
178 silly fetch manifest busboy@^1.0.0
179 silly packumentCache full:https://registry.npmjs.org/busboy cache-miss
180 http fetch GET 200 https://registry.npmjs.org/kareem 137ms (cache miss)
181 silly packumentCache full:https://registry.npmjs.org/kareem set size:undefined disposed:false
182 silly fetch manifest concat-stream@^1.5.2
183 silly packumentCache full:https://registry.npmjs.org/concat-stream cache-miss
184 http fetch GET 200 https://registry.npmjs.org/append-field 82ms (cache miss)
185 silly packumentCache full:https://registry.npmjs.org/append-field set size:undefined disposed:false
186 silly fetch manifest mkdirp@^0.5.4
187 silly packumentCache full:https://registry.npmjs.org/mkdirp cache-miss
188 http fetch GET 200 https://registry.npmjs.org/mquery 187ms (cache miss)
189 silly packumentCache full:https://registry.npmjs.org/mquery set size:undefined disposed:false
190 silly fetch manifest object-assign@^4.1.1
191 silly packumentCache full:https://registry.npmjs.org/object-assign cache-miss
192 http fetch GET 200 https://registry.npmjs.org/sift 372ms (cache miss)
193 silly packumentCache full:https://registry.npmjs.org/sift set size:undefined disposed:false
194 silly fetch manifest type-is@^1.6.4
195 silly packumentCache full:https://registry.npmjs.org/type-is cache-miss
196 http fetch GET 200 https://registry.npmjs.org/busboy 105ms (cache miss)
197 silly packumentCache full:https://registry.npmjs.org/busboy set size:undefined disposed:false
198 silly fetch manifest xtend@^4.0.0
199 silly packumentCache full:https://registry.npmjs.org/xtend cache-miss
200 http fetch GET 200 https://registry.npmjs.org/concat-stream 104ms (cache miss)
201 silly packumentCache full:https://registry.npmjs.org/concat-stream set size:undefined disposed:false
202 silly fetch manifest adler-32@~1.3.0
203 silly packumentCache full:https://registry.npmjs.org/adler-32 cache-miss
204 http fetch GET 200 https://registry.npmjs.org/type-is 60ms (cache hit)
205 silly packumentCache full:https://registry.npmjs.org/type-is set size:77026 disposed:false
206 silly fetch manifest cfb@~1.2.1
207 silly packumentCache full:https://registry.npmjs.org/cfb cache-miss
208 http fetch GET 200 https://registry.npmjs.org/bson 459ms (cache miss)
209 silly packumentCache full:https://registry.npmjs.org/bson set size:undefined disposed:false
210 silly fetch manifest codepage@~1.15.0
211 silly packumentCache full:https://registry.npmjs.org/codepage cache-miss
212 http fetch GET 200 https://registry.npmjs.org/mkdirp 166ms (cache miss)
213 silly packumentCache full:https://registry.npmjs.org/mkdirp set size:undefined disposed:false
214 silly fetch manifest crc-32@~1.2.1
215 silly packumentCache full:https://registry.npmjs.org/crc-32 cache-miss
216 http fetch GET 200 https://registry.npmjs.org/object-assign 163ms (cache miss)
217 silly packumentCache full:https://registry.npmjs.org/object-assign set size:undefined disposed:false
218 silly fetch manifest ssf@~0.11.2
219 silly packumentCache full:https://registry.npmjs.org/ssf cache-miss
220 http fetch GET 200 https://registry.npmjs.org/xtend 183ms (cache miss)
221 silly packumentCache full:https://registry.npmjs.org/xtend set size:undefined disposed:false
222 silly fetch manifest wmf@~1.0.1
223 silly packumentCache full:https://registry.npmjs.org/wmf cache-miss
224 http fetch GET 200 https://registry.npmjs.org/adler-32 162ms (cache miss)
225 silly packumentCache full:https://registry.npmjs.org/adler-32 set size:undefined disposed:false
226 silly fetch manifest word@~0.3.0
227 silly packumentCache full:https://registry.npmjs.org/word cache-miss
228 http fetch GET 200 https://registry.npmjs.org/cfb 165ms (cache miss)
229 silly packumentCache full:https://registry.npmjs.org/cfb set size:undefined disposed:false
230 http fetch GET 200 https://registry.npmjs.org/codepage 168ms (cache miss)
231 silly packumentCache full:https://registry.npmjs.org/codepage set size:undefined disposed:false
232 http fetch GET 200 https://registry.npmjs.org/crc-32 123ms (cache miss)
233 silly packumentCache full:https://registry.npmjs.org/crc-32 set size:undefined disposed:false
234 http fetch GET 200 https://registry.npmjs.org/ssf 124ms (cache miss)
235 silly packumentCache full:https://registry.npmjs.org/ssf set size:undefined disposed:false
236 http fetch GET 200 https://registry.npmjs.org/wmf 92ms (cache miss)
237 silly packumentCache full:https://registry.npmjs.org/wmf set size:undefined disposed:false
238 http fetch GET 200 https://registry.npmjs.org/word 82ms (cache miss)
239 silly packumentCache full:https://registry.npmjs.org/word set size:undefined disposed:false
240 http fetch GET 200 https://registry.npmjs.org/mongodb 473ms (cache miss)
241 silly packumentCache full:https://registry.npmjs.org/mongodb set size:undefined disposed:false
242 silly placeDep ROOT accepts@1.3.8 OK for: express@4.21.0 want: ~1.3.8
243 silly placeDep ROOT array-flatten@1.1.1 OK for: express@4.21.0 want: 1.1.1
244 silly placeDep ROOT body-parser@1.20.3 OK for: express@4.21.0 want: 1.20.3
245 silly placeDep ROOT content-disposition@0.5.4 OK for: express@4.21.0 want: 0.5.4
246 silly placeDep ROOT content-type@1.0.5 OK for: express@4.21.0 want: ~1.0.4
247 silly placeDep ROOT cookie@0.6.0 OK for: express@4.21.0 want: 0.6.0
248 silly placeDep ROOT cookie-signature@1.0.6 OK for: express@4.21.0 want: 1.0.6
249 silly placeDep ROOT debug@2.6.9 OK for: express@4.21.0 want: 2.6.9
250 silly placeDep ROOT depd@2.0.0 OK for: express@4.21.0 want: 2.0.0
251 silly placeDep ROOT encodeurl@2.0.0 OK for: express@4.21.0 want: ~2.0.0
252 silly placeDep ROOT escape-html@1.0.3 OK for: express@4.21.0 want: ~1.0.3
253 silly placeDep ROOT etag@1.8.1 OK for: express@4.21.0 want: ~1.8.1
254 silly placeDep ROOT finalhandler@1.3.1 OK for: express@4.21.0 want: 1.3.1
255 silly placeDep ROOT fresh@0.5.2 OK for: express@4.21.0 want: 0.5.2
256 silly placeDep ROOT http-errors@2.0.0 OK for: express@4.21.0 want: 2.0.0
257 silly placeDep ROOT merge-descriptors@1.0.3 OK for: express@4.21.0 want: 1.0.3
258 silly placeDep ROOT methods@1.1.2 OK for: express@4.21.0 want: ~1.1.2
259 silly placeDep ROOT on-finished@2.4.1 OK for: express@4.21.0 want: 2.4.1
260 silly placeDep ROOT parseurl@1.3.3 OK for: express@4.21.0 want: ~1.3.3
261 silly placeDep ROOT path-to-regexp@0.1.10 OK for: express@4.21.0 want: 0.1.10
262 silly placeDep ROOT proxy-addr@2.0.7 OK for: express@4.21.0 want: ~2.0.7
263 silly placeDep ROOT qs@6.13.0 OK for: express@4.21.0 want: 6.13.0
264 silly placeDep ROOT range-parser@1.2.1 OK for: express@4.21.0 want: ~1.2.1
265 silly placeDep ROOT safe-buffer@5.2.1 OK for: express@4.21.0 want: 5.2.1
266 silly placeDep ROOT send@0.19.0 OK for: express@4.21.0 want: 0.19.0
267 silly placeDep ROOT serve-static@1.16.2 OK for: express@4.21.0 want: 1.16.2
268 silly placeDep ROOT setprototypeof@1.2.0 OK for: express@4.21.0 want: 1.2.0
269 silly placeDep ROOT statuses@2.0.1 OK for: express@4.21.0 want: 2.0.1
270 silly placeDep ROOT type-is@1.6.18 OK for: express@4.21.0 want: ~1.6.18
271 silly placeDep ROOT utils-merge@1.0.1 OK for: express@4.21.0 want: 1.0.1
272 silly placeDep ROOT vary@1.1.2 OK for: express@4.21.0 want: ~1.1.2
273 silly fetch manifest mime-types@~2.1.34
274 silly packumentCache full:https://registry.npmjs.org/mime-types cache-miss
275 silly fetch manifest negotiator@0.6.3
276 silly packumentCache full:https://registry.npmjs.org/negotiator cache-miss
277 silly fetch manifest bytes@3.1.2
278 silly packumentCache full:https://registry.npmjs.org/bytes cache-miss
279 silly fetch manifest unpipe@1.0.0
280 silly packumentCache full:https://registry.npmjs.org/unpipe cache-miss
281 silly fetch manifest destroy@1.2.0
282 silly packumentCache full:https://registry.npmjs.org/destroy cache-miss
283 silly fetch manifest raw-body@2.5.2
284 silly packumentCache full:https://registry.npmjs.org/raw-body cache-miss
285 silly fetch manifest iconv-lite@0.4.24
286 silly packumentCache full:https://registry.npmjs.org/iconv-lite cache-miss
287 http fetch GET 200 https://registry.npmjs.org/destroy 95ms (cache miss)
288 silly packumentCache full:https://registry.npmjs.org/destroy set size:undefined disposed:false
289 silly fetch manifest content-type@~1.0.5
290 silly packumentCache full:https://registry.npmjs.org/content-type cache-miss
291 http fetch GET 200 https://registry.npmjs.org/unpipe 101ms (cache miss)
292 silly packumentCache full:https://registry.npmjs.org/unpipe set size:undefined disposed:false
293 silly fetch manifest ms@2.0.0
294 silly packumentCache full:https://registry.npmjs.org/ms cache-miss
295 http fetch GET 200 https://registry.npmjs.org/bytes 106ms (cache miss)
296 silly packumentCache full:https://registry.npmjs.org/bytes set size:undefined disposed:false
297 silly fetch manifest unpipe@~1.0.0
298 silly packumentCache full:https://registry.npmjs.org/unpipe cache-miss
299 http fetch GET 200 https://registry.npmjs.org/negotiator 112ms (cache miss)
300 silly packumentCache full:https://registry.npmjs.org/negotiator set size:undefined disposed:false
301 silly fetch manifest inherits@2.0.4
302 silly packumentCache full:https://registry.npmjs.org/inherits cache-miss
303 http fetch GET 200 https://registry.npmjs.org/raw-body 113ms (cache miss)
304 silly packumentCache full:https://registry.npmjs.org/raw-body set size:undefined disposed:false
305 silly fetch manifest toidentifier@1.0.1
306 silly packumentCache full:https://registry.npmjs.org/toidentifier cache-miss
307 http fetch GET 200 https://registry.npmjs.org/mime-types 129ms (cache miss)
308 silly packumentCache full:https://registry.npmjs.org/mime-types set size:undefined disposed:false
309 silly fetch manifest ee-first@1.1.1
310 silly packumentCache full:https://registry.npmjs.org/ee-first cache-miss
311 http fetch GET 200 https://registry.npmjs.org/iconv-lite 126ms (cache miss)
312 silly packumentCache full:https://registry.npmjs.org/iconv-lite set size:undefined disposed:false
313 silly fetch manifest forwarded@0.2.0
314 silly packumentCache full:https://registry.npmjs.org/forwarded cache-miss
315 http fetch GET 200 https://registry.npmjs.org/content-type 73ms (cache hit)
316 silly packumentCache full:https://registry.npmjs.org/content-type set size:17196 disposed:false
317 silly fetch manifest ipaddr.js@1.9.1
318 silly packumentCache full:https://registry.npmjs.org/ipaddr.js cache-miss
319 http fetch GET 200 https://registry.npmjs.org/ms 75ms (cache hit)
320 silly packumentCache full:https://registry.npmjs.org/ms set size:84885 disposed:false
321 silly fetch manifest side-channel@^1.0.6
322 silly packumentCache full:https://registry.npmjs.org/side-channel cache-miss
323 http fetch GET 200 https://registry.npmjs.org/unpipe 83ms (cache hit)
324 silly packumentCache full:https://registry.npmjs.org/unpipe set size:3537 disposed:false
325 silly fetch manifest mime@1.6.0
326 silly packumentCache full:https://registry.npmjs.org/mime cache-miss
327 http fetch GET 200 https://registry.npmjs.org/inherits 90ms (cache miss)
328 silly packumentCache full:https://registry.npmjs.org/inherits set size:undefined disposed:false
329 silly fetch manifest encodeurl@~1.0.2
330 silly packumentCache full:https://registry.npmjs.org/encodeurl cache-miss
331 http fetch GET 200 https://registry.npmjs.org/ee-first 75ms (cache miss)
332 silly packumentCache full:https://registry.npmjs.org/ee-first set size:undefined disposed:false
333 silly fetch manifest mime-types@~2.1.24
334 silly packumentCache full:https://registry.npmjs.org/mime-types cache-miss
335 http fetch GET 200 https://registry.npmjs.org/toidentifier 87ms (cache miss)
336 silly packumentCache full:https://registry.npmjs.org/toidentifier set size:undefined disposed:false
337 silly fetch manifest media-typer@0.3.0
338 silly packumentCache full:https://registry.npmjs.org/media-typer cache-miss
339 http fetch GET 200 https://registry.npmjs.org/forwarded 76ms (cache miss)
340 silly packumentCache full:https://registry.npmjs.org/forwarded set size:undefined disposed:false
341 http fetch GET 200 https://registry.npmjs.org/mime-types 27ms (cache hit)
342 silly packumentCache full:https://registry.npmjs.org/mime-types set size:129737 disposed:false
343 http fetch GET 200 https://registry.npmjs.org/encodeurl 32ms (cache hit)
344 silly packumentCache full:https://registry.npmjs.org/encodeurl set size:12296 disposed:false
345 http fetch GET 200 https://registry.npmjs.org/side-channel 67ms (cache miss)
346 silly packumentCache full:https://registry.npmjs.org/side-channel set size:undefined disposed:false
347 http fetch GET 200 https://registry.npmjs.org/ipaddr.js 74ms (cache miss)
348 silly packumentCache full:https://registry.npmjs.org/ipaddr.js set size:undefined disposed:false
349 http fetch GET 200 https://registry.npmjs.org/mime 60ms (cache miss)
350 silly packumentCache full:https://registry.npmjs.org/mime set size:undefined disposed:false
351 http fetch GET 200 https://registry.npmjs.org/media-typer 49ms (cache miss)
352 silly packumentCache full:https://registry.npmjs.org/media-typer set size:undefined disposed:false
353 silly placeDep ROOT mime-types@2.1.35 OK for: accepts@1.3.8 want: ~2.1.34
354 silly placeDep ROOT negotiator@0.6.3 OK for: accepts@1.3.8 want: 0.6.3
355 silly fetch manifest mime-db@1.52.0
356 silly packumentCache full:https://registry.npmjs.org/mime-db cache-miss
357 http fetch GET 200 https://registry.npmjs.org/mime-db 45ms (cache miss)
358 silly packumentCache full:https://registry.npmjs.org/mime-db set size:undefined disposed:false
359 silly placeDep ROOT bytes@3.1.2 OK for: body-parser@1.20.3 want: 3.1.2
360 silly placeDep ROOT destroy@1.2.0 OK for: body-parser@1.20.3 want: 1.2.0
361 silly placeDep ROOT iconv-lite@0.4.24 OK for: body-parser@1.20.3 want: 0.4.24
362 silly placeDep ROOT raw-body@2.5.2 OK for: body-parser@1.20.3 want: 2.5.2
363 silly placeDep ROOT unpipe@1.0.0 OK for: body-parser@1.20.3 want: 1.0.0
364 silly fetch manifest safer-buffer@>= 2.1.2 < 3
365 silly packumentCache full:https://registry.npmjs.org/safer-buffer cache-miss
366 http fetch GET 200 https://registry.npmjs.org/safer-buffer 36ms (cache miss)
367 silly packumentCache full:https://registry.npmjs.org/safer-buffer set size:undefined disposed:false
368 silly placeDep ROOT ms@2.0.0 OK for: debug@2.6.9 want: 2.0.0
369 silly placeDep ROOT inherits@2.0.4 OK for: http-errors@2.0.0 want: 2.0.4
370 silly placeDep ROOT toidentifier@1.0.1 OK for: http-errors@2.0.0 want: 1.0.1
371 silly placeDep ROOT safer-buffer@2.1.2 OK for: iconv-lite@0.4.24 want: >= 2.1.2 < 3
372 silly placeDep ROOT mime-db@1.52.0 OK for: mime-types@2.1.35 want: 1.52.0
373 silly fetch manifest @aws-sdk/credential-providers@^3.188.0
374 silly packumentCache full:https://registry.npmjs.org/@aws-sdk%2fcredential-providers cache-miss
375 http fetch GET 200 https://registry.npmjs.org/@aws-sdk%2fcredential-providers 123ms (cache miss)
376 silly packumentCache full:https://registry.npmjs.org/@aws-sdk%2fcredential-providers set size:undefined disposed:false
377 silly fetch manifest @mongodb-js/zstd@^1.1.0
378 silly packumentCache full:https://registry.npmjs.org/@mongodb-js%2fzstd cache-miss
379 http fetch GET 200 https://registry.npmjs.org/@mongodb-js%2fzstd 119ms (cache miss)
380 silly packumentCache full:https://registry.npmjs.org/@mongodb-js%2fzstd set size:undefined disposed:false
381 silly fetch manifest gcp-metadata@^5.2.0
382 silly packumentCache full:https://registry.npmjs.org/gcp-metadata cache-miss
383 http fetch GET 200 https://registry.npmjs.org/gcp-metadata 55ms (cache miss)
384 silly packumentCache full:https://registry.npmjs.org/gcp-metadata set size:undefined disposed:false
385 silly fetch manifest kerberos@^2.0.1
386 silly packumentCache full:https://registry.npmjs.org/kerberos cache-miss
387 http fetch GET 200 https://registry.npmjs.org/kerberos 43ms (cache miss)
388 silly packumentCache full:https://registry.npmjs.org/kerberos set size:undefined disposed:false
389 silly fetch manifest mongodb-client-encryption@>=6.0.0 <7
390 silly packumentCache full:https://registry.npmjs.org/mongodb-client-encryption cache-miss
391 http fetch GET 200 https://registry.npmjs.org/mongodb-client-encryption 99ms (cache miss)
392 silly packumentCache full:https://registry.npmjs.org/mongodb-client-encryption set size:undefined disposed:false
393 silly fetch manifest snappy@^7.2.2
394 silly packumentCache full:https://registry.npmjs.org/snappy cache-miss
395 http fetch GET 200 https://registry.npmjs.org/snappy 54ms (cache miss)
396 silly packumentCache full:https://registry.npmjs.org/snappy set size:undefined disposed:false
397 silly fetch manifest socks@^2.7.1
398 silly packumentCache full:https://registry.npmjs.org/socks cache-miss
399 http fetch GET 200 https://registry.npmjs.org/socks 52ms (cache miss)
400 silly packumentCache full:https://registry.npmjs.org/socks set size:undefined disposed:false
401 silly placeDep ROOT bson@6.8.0 OK for: mongoose@8.6.2 want: ^6.7.0
402 silly placeDep ROOT kareem@2.6.3 OK for: mongoose@8.6.2 want: 2.6.3
403 silly placeDep ROOT mongodb@6.8.0 OK for: mongoose@8.6.2 want: 6.8.0
404 silly placeDep ROOT mpath@0.9.0 OK for: mongoose@8.6.2 want: 0.9.0
405 silly placeDep ROOT mquery@5.0.0 OK for: mongoose@8.6.2 want: 5.0.0
406 silly placeDep node_modules/mongoose ms@2.1.3 OK for: mongoose@8.6.2 want: 2.1.3
407 silly placeDep ROOT sift@17.1.3 OK for: mongoose@8.6.2 want: 17.1.3
408 silly fetch manifest @mongodb-js/saslprep@^1.1.5
409 silly packumentCache full:https://registry.npmjs.org/@mongodb-js%2fsaslprep cache-miss
410 silly fetch manifest mongodb-connection-string-url@^3.0.0
411 silly packumentCache full:https://registry.npmjs.org/mongodb-connection-string-url cache-miss
412 silly fetch manifest debug@4.x
413 silly packumentCache full:https://registry.npmjs.org/debug cache-miss
414 http fetch GET 200 https://registry.npmjs.org/debug 24ms (cache hit)
415 silly packumentCache full:https://registry.npmjs.org/debug set size:188929 disposed:false
416 http fetch GET 200 https://registry.npmjs.org/mongodb-connection-string-url 72ms (cache miss)
417 silly packumentCache full:https://registry.npmjs.org/mongodb-connection-string-url set size:undefined disposed:false
418 http fetch GET 200 https://registry.npmjs.org/@mongodb-js%2fsaslprep 81ms (cache miss)
419 silly packumentCache full:https://registry.npmjs.org/@mongodb-js%2fsaslprep set size:undefined disposed:false
420 silly placeDep ROOT @mongodb-js/saslprep@1.1.9 OK for: mongodb@6.8.0 want: ^1.1.5
421 silly placeDep ROOT mongodb-connection-string-url@3.0.1 OK for: mongodb@6.8.0 want: ^3.0.0
422 silly fetch manifest sparse-bitfield@^3.0.3
423 silly packumentCache full:https://registry.npmjs.org/sparse-bitfield cache-miss
424 silly fetch manifest whatwg-url@^13.0.0
425 silly packumentCache full:https://registry.npmjs.org/whatwg-url cache-miss
426 silly fetch manifest @types/whatwg-url@^11.0.2
427 silly packumentCache full:https://registry.npmjs.org/@types%2fwhatwg-url cache-miss
428 http fetch GET 200 https://registry.npmjs.org/sparse-bitfield 51ms (cache miss)
429 silly packumentCache full:https://registry.npmjs.org/sparse-bitfield set size:undefined disposed:false
430 http fetch GET 200 https://registry.npmjs.org/whatwg-url 54ms (cache miss)
431 silly packumentCache full:https://registry.npmjs.org/whatwg-url set size:undefined disposed:false
432 http fetch GET 200 https://registry.npmjs.org/@types%2fwhatwg-url 57ms (cache miss)
433 silly packumentCache full:https://registry.npmjs.org/@types%2fwhatwg-url set size:undefined disposed:false
434 silly placeDep ROOT sparse-bitfield@3.0.3 OK for: @mongodb-js/saslprep@1.1.9 want: ^3.0.3
435 silly fetch manifest memory-pager@^1.0.2
436 silly packumentCache full:https://registry.npmjs.org/memory-pager cache-miss
437 http fetch GET 200 https://registry.npmjs.org/memory-pager 288ms (cache miss)
438 silly packumentCache full:https://registry.npmjs.org/memory-pager set size:undefined disposed:false
439 silly placeDep ROOT @types/whatwg-url@11.0.5 OK for: mongodb-connection-string-url@3.0.1 want: ^11.0.2
440 silly placeDep ROOT whatwg-url@13.0.0 OK for: mongodb-connection-string-url@3.0.1 want: ^13.0.0
441 silly fetch manifest @types/webidl-conversions@*
442 silly packumentCache full:https://registry.npmjs.org/@types%2fwebidl-conversions cache-miss
443 silly fetch manifest tr46@^4.1.1
444 silly packumentCache full:https://registry.npmjs.org/tr46 cache-miss
445 silly fetch manifest webidl-conversions@^7.0.0
446 silly packumentCache full:https://registry.npmjs.org/webidl-conversions cache-miss
447 http fetch GET 200 https://registry.npmjs.org/tr46 54ms (cache miss)
448 silly packumentCache full:https://registry.npmjs.org/tr46 set size:undefined disposed:false
449 http fetch GET 200 https://registry.npmjs.org/webidl-conversions 56ms (cache miss)
450 silly packumentCache full:https://registry.npmjs.org/webidl-conversions set size:undefined disposed:false
451 http fetch GET 200 https://registry.npmjs.org/@types%2fwebidl-conversions 60ms (cache miss)
452 silly packumentCache full:https://registry.npmjs.org/@types%2fwebidl-conversions set size:undefined disposed:false
453 silly placeDep ROOT @types/webidl-conversions@7.0.3 OK for: @types/whatwg-url@11.0.5 want: *
454 silly placeDep node_modules/mquery debug@4.3.7 OK for: mquery@5.0.0 want: 4.x
455 silly fetch manifest ms@^2.1.3
456 silly packumentCache full:https://registry.npmjs.org/ms cache-hit
457 silly placeDep ROOT append-field@1.0.0 OK for: multer@1.4.5-lts.1 want: ^1.0.0
458 silly placeDep ROOT busboy@1.6.0 OK for: multer@1.4.5-lts.1 want: ^1.0.0
459 silly placeDep ROOT concat-stream@1.6.2 OK for: multer@1.4.5-lts.1 want: ^1.5.2
460 silly placeDep ROOT mkdirp@0.5.6 OK for: multer@1.4.5-lts.1 want: ^0.5.4
461 silly placeDep ROOT object-assign@4.1.1 OK for: multer@1.4.5-lts.1 want: ^4.1.1
462 silly placeDep ROOT xtend@4.0.2 OK for: multer@1.4.5-lts.1 want: ^4.0.0
463 silly fetch manifest streamsearch@^1.1.0
464 silly packumentCache full:https://registry.npmjs.org/streamsearch cache-miss
465 silly fetch manifest buffer-from@^1.0.0
466 silly packumentCache full:https://registry.npmjs.org/buffer-from cache-miss
467 silly fetch manifest readable-stream@^2.2.2
468 silly packumentCache full:https://registry.npmjs.org/readable-stream cache-miss
469 silly fetch manifest typedarray@^0.0.6
470 silly packumentCache full:https://registry.npmjs.org/typedarray cache-miss
471 silly fetch manifest minimist@^1.2.6
472 silly packumentCache full:https://registry.npmjs.org/minimist cache-miss
473 http fetch GET 200 https://registry.npmjs.org/typedarray 106ms (cache miss)
474 silly packumentCache full:https://registry.npmjs.org/typedarray set size:undefined disposed:false
475 http fetch GET 200 https://registry.npmjs.org/streamsearch 112ms (cache miss)
476 silly packumentCache full:https://registry.npmjs.org/streamsearch set size:undefined disposed:false
477 http fetch GET 200 https://registry.npmjs.org/buffer-from 115ms (cache miss)
478 silly packumentCache full:https://registry.npmjs.org/buffer-from set size:undefined disposed:false
479 http fetch GET 200 https://registry.npmjs.org/minimist 113ms (cache miss)
480 silly packumentCache full:https://registry.npmjs.org/minimist set size:undefined disposed:false
481 http fetch GET 200 https://registry.npmjs.org/readable-stream 128ms (cache miss)
482 silly packumentCache full:https://registry.npmjs.org/readable-stream set size:undefined disposed:false
483 silly placeDep ROOT streamsearch@1.1.0 OK for: busboy@1.6.0 want: ^1.1.0
484 silly placeDep ROOT buffer-from@1.1.2 OK for: concat-stream@1.6.2 want: ^1.0.0
485 silly placeDep ROOT readable-stream@2.3.8 OK for: concat-stream@1.6.2 want: ^2.2.2
486 silly placeDep ROOT typedarray@0.0.6 OK for: concat-stream@1.6.2 want: ^0.0.6
487 silly fetch manifest core-util-is@~1.0.0
488 silly packumentCache full:https://registry.npmjs.org/core-util-is cache-miss
489 silly fetch manifest isarray@~1.0.0
490 silly packumentCache full:https://registry.npmjs.org/isarray cache-miss
491 silly fetch manifest process-nextick-args@~2.0.0
492 silly packumentCache full:https://registry.npmjs.org/process-nextick-args cache-miss
493 silly fetch manifest safe-buffer@~5.1.1
494 silly packumentCache full:https://registry.npmjs.org/safe-buffer cache-miss
495 silly fetch manifest string_decoder@~1.1.1
496 silly packumentCache full:https://registry.npmjs.org/string_decoder cache-miss
497 silly fetch manifest util-deprecate@~1.0.1
498 silly packumentCache full:https://registry.npmjs.org/util-deprecate cache-miss
499 http fetch GET 200 https://registry.npmjs.org/safe-buffer 25ms (cache hit)
500 silly packumentCache full:https://registry.npmjs.org/safe-buffer set size:41183 disposed:false
501 http fetch GET 200 https://registry.npmjs.org/process-nextick-args 58ms (cache miss)
502 silly packumentCache full:https://registry.npmjs.org/process-nextick-args set size:undefined disposed:false
503 http fetch GET 200 https://registry.npmjs.org/util-deprecate 57ms (cache miss)
504 silly packumentCache full:https://registry.npmjs.org/util-deprecate set size:undefined disposed:false
505 http fetch GET 200 https://registry.npmjs.org/isarray 64ms (cache miss)
506 silly packumentCache full:https://registry.npmjs.org/isarray set size:undefined disposed:false
507 http fetch GET 200 https://registry.npmjs.org/string_decoder 63ms (cache miss)
508 silly packumentCache full:https://registry.npmjs.org/string_decoder set size:undefined disposed:false
509 http fetch GET 200 https://registry.npmjs.org/core-util-is 71ms (cache miss)
510 silly packumentCache full:https://registry.npmjs.org/core-util-is set size:undefined disposed:false
511 silly placeDep ROOT minimist@1.2.8 OK for: mkdirp@0.5.6 want: ^1.2.6
512 silly placeDep ROOT ee-first@1.1.1 OK for: on-finished@2.4.1 want: 1.1.1
513 silly placeDep ROOT forwarded@0.2.0 OK for: proxy-addr@2.0.7 want: 0.2.0
514 silly placeDep ROOT ipaddr.js@1.9.1 OK for: proxy-addr@2.0.7 want: 1.9.1
515 silly placeDep ROOT side-channel@1.0.6 OK for: qs@6.13.0 want: ^1.0.6
516 silly fetch manifest call-bind@^1.0.7
517 silly packumentCache full:https://registry.npmjs.org/call-bind cache-miss
518 silly fetch manifest es-errors@^1.3.0
519 silly packumentCache full:https://registry.npmjs.org/es-errors cache-miss
520 silly fetch manifest get-intrinsic@^1.2.4
521 silly packumentCache full:https://registry.npmjs.org/get-intrinsic cache-miss
522 silly fetch manifest object-inspect@^1.13.1
523 silly packumentCache full:https://registry.npmjs.org/object-inspect cache-miss
524 http fetch GET 200 https://registry.npmjs.org/call-bind 51ms (cache miss)
525 silly packumentCache full:https://registry.npmjs.org/call-bind set size:undefined disposed:false
526 http fetch GET 200 https://registry.npmjs.org/es-errors 52ms (cache miss)
527 silly packumentCache full:https://registry.npmjs.org/es-errors set size:undefined disposed:false
528 http fetch GET 200 https://registry.npmjs.org/get-intrinsic 52ms (cache miss)
529 silly packumentCache full:https://registry.npmjs.org/get-intrinsic set size:undefined disposed:false
530 http fetch GET 200 https://registry.npmjs.org/object-inspect 69ms (cache miss)
531 silly packumentCache full:https://registry.npmjs.org/object-inspect set size:undefined disposed:false
532 silly placeDep ROOT core-util-is@1.0.3 OK for: readable-stream@2.3.8 want: ~1.0.0
533 silly placeDep ROOT isarray@1.0.0 OK for: readable-stream@2.3.8 want: ~1.0.0
534 silly placeDep ROOT process-nextick-args@2.0.1 OK for: readable-stream@2.3.8 want: ~2.0.0
535 silly placeDep node_modules/readable-stream safe-buffer@5.1.2 OK for: readable-stream@2.3.8 want: ~5.1.1
536 silly placeDep ROOT string_decoder@1.1.1 OK for: readable-stream@2.3.8 want: ~1.1.1
537 silly placeDep ROOT util-deprecate@1.0.2 OK for: readable-stream@2.3.8 want: ~1.0.1
538 silly fetch manifest safe-buffer@~5.1.0
539 silly packumentCache full:https://registry.npmjs.org/safe-buffer cache-hit
540 silly placeDep node_modules/send encodeurl@1.0.2 OK for: send@0.19.0 want: ~1.0.2
541 silly placeDep ROOT mime@1.6.0 OK for: send@0.19.0 want: 1.6.0
542 silly placeDep node_modules/send ms@2.1.3 OK for: send@0.19.0 want: 2.1.3
543 silly placeDep ROOT call-bind@1.0.7 OK for: side-channel@1.0.6 want: ^1.0.7
544 silly placeDep ROOT es-errors@1.3.0 OK for: side-channel@1.0.6 want: ^1.3.0
545 silly placeDep ROOT get-intrinsic@1.2.4 OK for: side-channel@1.0.6 want: ^1.2.4
546 silly placeDep ROOT object-inspect@1.13.2 OK for: side-channel@1.0.6 want: ^1.13.1
547 silly fetch manifest es-define-property@^1.0.0
548 silly packumentCache full:https://registry.npmjs.org/es-define-property cache-miss
549 silly fetch manifest function-bind@^1.1.2
550 silly packumentCache full:https://registry.npmjs.org/function-bind cache-miss
551 silly fetch manifest set-function-length@^1.2.1
552 silly packumentCache full:https://registry.npmjs.org/set-function-length cache-miss
553 silly fetch manifest function-bind@^1.1.2
554 silly packumentCache full:https://registry.npmjs.org/function-bind cache-miss
555 silly fetch manifest has-proto@^1.0.1
556 silly packumentCache full:https://registry.npmjs.org/has-proto cache-miss
557 silly fetch manifest has-symbols@^1.0.3
558 silly packumentCache full:https://registry.npmjs.org/has-symbols cache-miss
559 silly fetch manifest hasown@^2.0.0
560 silly packumentCache full:https://registry.npmjs.org/hasown cache-miss
561 http fetch GET 200 https://registry.npmjs.org/set-function-length 86ms (cache miss)
562 silly packumentCache full:https://registry.npmjs.org/set-function-length set size:undefined disposed:false
563 http fetch GET 200 https://registry.npmjs.org/function-bind 89ms (cache miss)
564 silly packumentCache full:https://registry.npmjs.org/function-bind set size:undefined disposed:false
565 http fetch GET 200 https://registry.npmjs.org/function-bind 88ms (cache miss)
566 silly packumentCache full:https://registry.npmjs.org/function-bind set size:undefined disposed:false
567 http fetch GET 200 https://registry.npmjs.org/hasown 83ms (cache miss)
568 silly packumentCache full:https://registry.npmjs.org/hasown set size:undefined disposed:false
569 http fetch GET 200 https://registry.npmjs.org/has-proto 89ms (cache miss)
570 silly packumentCache full:https://registry.npmjs.org/has-proto set size:undefined disposed:false
571 http fetch GET 200 https://registry.npmjs.org/es-define-property 96ms (cache miss)
572 silly packumentCache full:https://registry.npmjs.org/es-define-property set size:undefined disposed:false
573 http fetch GET 200 https://registry.npmjs.org/has-symbols 88ms (cache miss)
574 silly packumentCache full:https://registry.npmjs.org/has-symbols set size:undefined disposed:false
575 silly placeDep ROOT es-define-property@1.0.0 OK for: call-bind@1.0.7 want: ^1.0.0
576 silly placeDep ROOT function-bind@1.1.2 OK for: call-bind@1.0.7 want: ^1.1.2
577 silly placeDep ROOT set-function-length@1.2.2 OK for: call-bind@1.0.7 want: ^1.2.1
578 silly fetch manifest define-data-property@^1.1.4
579 silly packumentCache full:https://registry.npmjs.org/define-data-property cache-miss
580 silly fetch manifest gopd@^1.0.1
581 silly packumentCache full:https://registry.npmjs.org/gopd cache-miss
582 silly fetch manifest has-property-descriptors@^1.0.2
583 silly packumentCache full:https://registry.npmjs.org/has-property-descriptors cache-miss
584 http fetch GET 200 https://registry.npmjs.org/has-property-descriptors 45ms (cache miss)
585 silly packumentCache full:https://registry.npmjs.org/has-property-descriptors set size:undefined disposed:false
586 http fetch GET 200 https://registry.npmjs.org/define-data-property 49ms (cache miss)
587 silly packumentCache full:https://registry.npmjs.org/define-data-property set size:undefined disposed:false
588 http fetch GET 200 https://registry.npmjs.org/gopd 66ms (cache miss)
589 silly packumentCache full:https://registry.npmjs.org/gopd set size:undefined disposed:false
590 silly placeDep ROOT has-proto@1.0.3 OK for: get-intrinsic@1.2.4 want: ^1.0.1
591 silly placeDep ROOT has-symbols@1.0.3 OK for: get-intrinsic@1.2.4 want: ^1.0.3
592 silly placeDep ROOT hasown@2.0.2 OK for: get-intrinsic@1.2.4 want: ^2.0.0
593 silly placeDep ROOT define-data-property@1.1.4 OK for: set-function-length@1.2.2 want: ^1.1.4
594 silly placeDep ROOT gopd@1.0.1 OK for: set-function-length@1.2.2 want: ^1.0.1
595 silly placeDep ROOT has-property-descriptors@1.0.2 OK for: set-function-length@1.2.2 want: ^1.0.2
596 silly placeDep ROOT memory-pager@1.5.0 OK for: sparse-bitfield@3.0.3 want: ^1.0.2
597 silly placeDep node_modules/string_decoder safe-buffer@5.1.2 OK for: string_decoder@1.1.1 want: ~5.1.0
598 silly placeDep ROOT media-typer@0.3.0 OK for: type-is@1.6.18 want: 0.3.0
599 silly placeDep ROOT tr46@4.1.1 OK for: whatwg-url@13.0.0 want: ^4.1.1
600 silly placeDep ROOT webidl-conversions@7.0.0 OK for: whatwg-url@13.0.0 want: ^7.0.0
601 silly fetch manifest punycode@^2.3.0
602 silly packumentCache full:https://registry.npmjs.org/punycode cache-miss
603 http fetch GET 200 https://registry.npmjs.org/punycode 42ms (cache miss)
604 silly packumentCache full:https://registry.npmjs.org/punycode set size:undefined disposed:false
605 silly placeDep ROOT punycode@2.3.1 OK for: tr46@4.1.1 want: ^2.3.0
606 silly placeDep ROOT adler-32@1.3.1 OK for: xlsx@0.18.5 want: ~1.3.0
607 silly placeDep ROOT cfb@1.2.2 OK for: xlsx@0.18.5 want: ~1.2.1
608 silly placeDep ROOT codepage@1.15.0 OK for: xlsx@0.18.5 want: ~1.15.0
609 silly placeDep ROOT crc-32@1.2.2 OK for: xlsx@0.18.5 want: ~1.2.1
610 silly placeDep ROOT ssf@0.11.2 OK for: xlsx@0.18.5 want: ~0.11.2
611 silly placeDep ROOT wmf@1.0.2 OK for: xlsx@0.18.5 want: ~1.0.1
612 silly placeDep ROOT word@0.3.0 OK for: xlsx@0.18.5 want: ~0.3.0
613 silly fetch manifest crc-32@~1.2.0
614 silly packumentCache full:https://registry.npmjs.org/crc-32 cache-miss
615 silly fetch manifest frac@~1.1.2
616 silly packumentCache full:https://registry.npmjs.org/frac cache-miss
617 http fetch GET 200 https://registry.npmjs.org/crc-32 15ms (cache hit)
618 silly packumentCache full:https://registry.npmjs.org/crc-32 set size:32170 disposed:false
619 http fetch GET 200 https://registry.npmjs.org/frac 41ms (cache miss)
620 silly packumentCache full:https://registry.npmjs.org/frac set size:undefined disposed:false
621 silly placeDep ROOT frac@1.1.2 OK for: ssf@0.11.2 want: ~1.1.2
622 silly placeDep node_modules/mquery ms@2.1.3 OK for: debug@4.3.7 want: ^2.1.3
623 silly reify moves {}
624 silly audit bulk request {
624 silly audit   express: [ '4.21.0' ],
624 silly audit   mongoose: [ '8.6.2' ],
624 silly audit   multer: [ '1.4.5-lts.1' ],
624 silly audit   xlsx: [ '0.18.5' ],
624 silly audit   accepts: [ '1.3.8' ],
624 silly audit   'array-flatten': [ '1.1.1' ],
624 silly audit   'body-parser': [ '1.20.3' ],
624 silly audit   'content-disposition': [ '0.5.4' ],
624 silly audit   'content-type': [ '1.0.5' ],
624 silly audit   cookie: [ '0.6.0' ],
624 silly audit   'cookie-signature': [ '1.0.6' ],
624 silly audit   debug: [ '2.6.9', '4.3.7' ],
624 silly audit   depd: [ '2.0.0' ],
624 silly audit   encodeurl: [ '2.0.0', '1.0.2' ],
624 silly audit   'escape-html': [ '1.0.3' ],
624 silly audit   etag: [ '1.8.1' ],
624 silly audit   finalhandler: [ '1.3.1' ],
624 silly audit   fresh: [ '0.5.2' ],
624 silly audit   'http-errors': [ '2.0.0' ],
624 silly audit   'merge-descriptors': [ '1.0.3' ],
624 silly audit   methods: [ '1.1.2' ],
624 silly audit   'on-finished': [ '2.4.1' ],
624 silly audit   parseurl: [ '1.3.3' ],
624 silly audit   'path-to-regexp': [ '0.1.10' ],
624 silly audit   'proxy-addr': [ '2.0.7' ],
624 silly audit   qs: [ '6.13.0' ],
624 silly audit   'range-parser': [ '1.2.1' ],
624 silly audit   'safe-buffer': [ '5.2.1', '5.1.2' ],
624 silly audit   send: [ '0.19.0' ],
624 silly audit   'serve-static': [ '1.16.2' ],
624 silly audit   setprototypeof: [ '1.2.0' ],
624 silly audit   statuses: [ '2.0.1' ],
624 silly audit   'type-is': [ '1.6.18' ],
624 silly audit   'utils-merge': [ '1.0.1' ],
624 silly audit   vary: [ '1.1.2' ],
624 silly audit   'mime-types': [ '2.1.35' ],
624 silly audit   negotiator: [ '0.6.3' ],
624 silly audit   bytes: [ '3.1.2' ],
624 silly audit   destroy: [ '1.2.0' ],
624 silly audit   'iconv-lite': [ '0.4.24' ],
624 silly audit   'raw-body': [ '2.5.2' ],
624 silly audit   unpipe: [ '1.0.0' ],
624 silly audit   ms: [ '2.0.0', '2.1.3' ],
624 silly audit   inherits: [ '2.0.4' ],
624 silly audit   toidentifier: [ '1.0.1' ],
624 silly audit   'safer-buffer': [ '2.1.2' ],
624 silly audit   'mime-db': [ '1.52.0' ],
624 silly audit   bson: [ '6.8.0' ],
624 silly audit   kareem: [ '2.6.3' ],
624 silly audit   mongodb: [ '6.8.0' ],
624 silly audit   mpath: [ '0.9.0' ],
624 silly audit   mquery: [ '5.0.0' ],
624 silly audit   sift: [ '17.1.3' ],
624 silly audit   '@mongodb-js/saslprep': [ '1.1.9' ],
624 silly audit   'mongodb-connection-string-url': [ '3.0.1' ],
624 silly audit   'sparse-bitfield': [ '3.0.3' ],
624 silly audit   '@types/whatwg-url': [ '11.0.5' ],
624 silly audit   'whatwg-url': [ '13.0.0' ],
624 silly audit   '@types/webidl-conversions': [ '7.0.3' ],
624 silly audit   'append-field': [ '1.0.0' ],
624 silly audit   busboy: [ '1.6.0' ],
624 silly audit   'concat-stream': [ '1.6.2' ],
624 silly audit   mkdirp: [ '0.5.6' ],
624 silly audit   'object-assign': [ '4.1.1' ],
624 silly audit   xtend: [ '4.0.2' ],
624 silly audit   streamsearch: [ '1.1.0' ],
624 silly audit   'buffer-from': [ '1.1.2' ],
624 silly audit   'readable-stream': [ '2.3.8' ],
624 silly audit   typedarray: [ '0.0.6' ],
624 silly audit   minimist: [ '1.2.8' ],
624 silly audit   'ee-first': [ '1.1.1' ],
624 silly audit   forwarded: [ '0.2.0' ],
624 silly audit   'ipaddr.js': [ '1.9.1' ],
624 silly audit   'side-channel': [ '1.0.6' ],
624 silly audit   'core-util-is': [ '1.0.3' ],
624 silly audit   isarray: [ '1.0.0' ],
624 silly audit   'process-nextick-args': [ '2.0.1' ],
624 silly audit   string_decoder: [ '1.1.1' ],
624 silly audit   'util-deprecate': [ '1.0.2' ],
624 silly audit   mime: [ '1.6.0' ],
624 silly audit   'call-bind': [ '1.0.7' ],
624 silly audit   'es-errors': [ '1.3.0' ],
624 silly audit   'get-intrinsic': [ '1.2.4' ],
624 silly audit   'object-inspect': [ '1.13.2' ],
624 silly audit   'es-define-property': [ '1.0.0' ],
624 silly audit   'function-bind': [ '1.1.2' ],
624 silly audit   'set-function-length': [ '1.2.2' ],
624 silly audit   'has-proto': [ '1.0.3' ],
624 silly audit   'has-symbols': [ '1.0.3' ],
624 silly audit   hasown: [ '2.0.2' ],
624 silly audit   'define-data-property': [ '1.1.4' ],
624 silly audit   gopd: [ '1.0.1' ],
624 silly audit   'has-property-descriptors': [ '1.0.2' ],
624 silly audit   'memory-pager': [ '1.5.0' ],
624 silly audit   'media-typer': [ '0.3.0' ],
624 silly audit   tr46: [ '4.1.1' ],
624 silly audit   'webidl-conversions': [ '7.0.0' ],
624 silly audit   punycode: [ '2.3.1' ],
624 silly audit   'adler-32': [ '1.3.1' ],
624 silly audit   cfb: [ '1.2.2' ],
624 silly audit   codepage: [ '1.15.0' ],
624 silly audit   'crc-32': [ '1.2.2' ],
624 silly audit   ssf: [ '0.11.2' ],
624 silly audit   wmf: [ '1.0.2' ],
624 silly audit   word: [ '0.3.0' ],
624 silly audit   frac: [ '1.1.2' ]
624 silly audit }
625 silly tarball no local data for frac@https://registry.npmjs.org/frac/-/frac-1.1.2.tgz. Extracting by manifest.
626 silly tarball no local data for word@https://registry.npmjs.org/word/-/word-0.3.0.tgz. Extracting by manifest.
627 silly tarball no local data for ssf@https://registry.npmjs.org/ssf/-/ssf-0.11.2.tgz. Extracting by manifest.
628 silly tarball no local data for crc-32@https://registry.npmjs.org/crc-32/-/crc-32-1.2.2.tgz. Extracting by manifest.
629 silly tarball no local data for codepage@https://registry.npmjs.org/codepage/-/codepage-1.15.0.tgz. Extracting by manifest.
630 silly tarball no local data for cfb@https://registry.npmjs.org/cfb/-/cfb-1.2.2.tgz. Extracting by manifest.
631 silly tarball no local data for adler-32@https://registry.npmjs.org/adler-32/-/adler-32-1.3.1.tgz. Extracting by manifest.
632 silly tarball no local data for wmf@https://registry.npmjs.org/wmf/-/wmf-1.0.2.tgz. Extracting by manifest.
633 silly tarball no local data for punycode@https://registry.npmjs.org/punycode/-/punycode-2.3.1.tgz. Extracting by manifest.
634 silly tarball no local data for webidl-conversions@https://registry.npmjs.org/webidl-conversions/-/webidl-conversions-7.0.0.tgz. Extracting by manifest.
635 silly tarball no local data for tr46@https://registry.npmjs.org/tr46/-/tr46-4.1.1.tgz. Extracting by manifest.
636 silly tarball no local data for media-typer@https://registry.npmjs.org/media-typer/-/media-typer-0.3.0.tgz. Extracting by manifest.
637 silly tarball no local data for memory-pager@https://registry.npmjs.org/memory-pager/-/memory-pager-1.5.0.tgz. Extracting by manifest.
638 silly tarball no local data for has-property-descriptors@https://registry.npmjs.org/has-property-descriptors/-/has-property-descriptors-1.0.2.tgz. Extracting by manifest.
639 silly tarball no local data for define-data-property@https://registry.npmjs.org/define-data-property/-/define-data-property-1.1.4.tgz. Extracting by manifest.
640 silly tarball no local data for hasown@https://registry.npmjs.org/hasown/-/hasown-2.0.2.tgz. Extracting by manifest.
641 silly tarball no local data for has-symbols@https://registry.npmjs.org/has-symbols/-/has-symbols-1.0.3.tgz. Extracting by manifest.
642 silly tarball no local data for has-proto@https://registry.npmjs.org/has-proto/-/has-proto-1.0.3.tgz. Extracting by manifest.
643 silly tarball no local data for set-function-length@https://registry.npmjs.org/set-function-length/-/set-function-length-1.2.2.tgz. Extracting by manifest.
644 silly tarball no local data for function-bind@https://registry.npmjs.org/function-bind/-/function-bind-1.1.2.tgz. Extracting by manifest.
645 silly tarball no local data for es-define-property@https://registry.npmjs.org/es-define-property/-/es-define-property-1.0.0.tgz. Extracting by manifest.
646 silly tarball no local data for object-inspect@https://registry.npmjs.org/object-inspect/-/object-inspect-1.13.2.tgz. Extracting by manifest.
647 silly tarball no local data for gopd@https://registry.npmjs.org/gopd/-/gopd-1.0.1.tgz. Extracting by manifest.
648 silly tarball no local data for get-intrinsic@https://registry.npmjs.org/get-intrinsic/-/get-intrinsic-1.2.4.tgz. Extracting by manifest.
649 silly tarball no local data for es-errors@https://registry.npmjs.org/es-errors/-/es-errors-1.3.0.tgz. Extracting by manifest.
650 silly tarball no local data for mime@https://registry.npmjs.org/mime/-/mime-1.6.0.tgz. Extracting by manifest.
651 silly tarball no local data for call-bind@https://registry.npmjs.org/call-bind/-/call-bind-1.0.7.tgz. Extracting by manifest.
652 silly tarball no local data for util-deprecate@https://registry.npmjs.org/util-deprecate/-/util-deprecate-1.0.2.tgz. Extracting by manifest.
653 silly tarball no local data for string_decoder@https://registry.npmjs.org/string_decoder/-/string_decoder-1.1.1.tgz. Extracting by manifest.
654 silly tarball no local data for process-nextick-args@https://registry.npmjs.org/process-nextick-args/-/process-nextick-args-2.0.1.tgz. Extracting by manifest.
655 silly tarball no local data for isarray@https://registry.npmjs.org/isarray/-/isarray-1.0.0.tgz. Extracting by manifest.
656 silly tarball no local data for side-channel@https://registry.npmjs.org/side-channel/-/side-channel-1.0.6.tgz. Extracting by manifest.
657 silly tarball no local data for ipaddr.js@https://registry.npmjs.org/ipaddr.js/-/ipaddr.js-1.9.1.tgz. Extracting by manifest.
658 silly tarball no local data for core-util-is@https://registry.npmjs.org/core-util-is/-/core-util-is-1.0.3.tgz. Extracting by manifest.
659 silly tarball no local data for forwarded@https://registry.npmjs.org/forwarded/-/forwarded-0.2.0.tgz. Extracting by manifest.
660 silly tarball no local data for ee-first@https://registry.npmjs.org/ee-first/-/ee-first-1.1.1.tgz. Extracting by manifest.
661 silly tarball no local data for minimist@https://registry.npmjs.org/minimist/-/minimist-1.2.8.tgz. Extracting by manifest.
662 silly tarball no local data for typedarray@https://registry.npmjs.org/typedarray/-/typedarray-0.0.6.tgz. Extracting by manifest.
663 silly tarball no local data for readable-stream@https://registry.npmjs.org/readable-stream/-/readable-stream-2.3.8.tgz. Extracting by manifest.
664 silly tarball no local data for buffer-from@https://registry.npmjs.org/buffer-from/-/buffer-from-1.1.2.tgz. Extracting by manifest.
665 silly tarball no local data for streamsearch@https://registry.npmjs.org/streamsearch/-/streamsearch-1.1.0.tgz. Extracting by manifest.
666 silly tarball no local data for xtend@https://registry.npmjs.org/xtend/-/xtend-4.0.2.tgz. Extracting by manifest.
667 silly tarball no local data for object-assign@https://registry.npmjs.org/object-assign/-/object-assign-4.1.1.tgz. Extracting by manifest.
668 silly tarball no local data for mkdirp@https://registry.npmjs.org/mkdirp/-/mkdirp-0.5.6.tgz. Extracting by manifest.
669 silly tarball no local data for concat-stream@https://registry.npmjs.org/concat-stream/-/concat-stream-1.6.2.tgz. Extracting by manifest.
670 silly tarball no local data for append-field@https://registry.npmjs.org/append-field/-/append-field-1.0.0.tgz. Extracting by manifest.
671 silly tarball no local data for busboy@https://registry.npmjs.org/busboy/-/busboy-1.6.0.tgz. Extracting by manifest.
672 silly tarball no local data for whatwg-url@https://registry.npmjs.org/whatwg-url/-/whatwg-url-13.0.0.tgz. Extracting by manifest.
673 silly tarball no local data for @types/whatwg-url@https://registry.npmjs.org/@types/whatwg-url/-/whatwg-url-11.0.5.tgz. Extracting by manifest.
674 silly tarball no local data for sparse-bitfield@https://registry.npmjs.org/sparse-bitfield/-/sparse-bitfield-3.0.3.tgz. Extracting by manifest.
675 silly tarball no local data for mongodb-connection-string-url@https://registry.npmjs.org/mongodb-connection-string-url/-/mongodb-connection-string-url-3.0.1.tgz. Extracting by manifest.
676 silly tarball no local data for @types/webidl-conversions@https://registry.npmjs.org/@types/webidl-conversions/-/webidl-conversions-7.0.3.tgz. Extracting by manifest.
677 silly tarball no local data for @mongodb-js/saslprep@https://registry.npmjs.org/@mongodb-js/saslprep/-/saslprep-1.1.9.tgz. Extracting by manifest.
678 silly tarball no local data for mquery@https://registry.npmjs.org/mquery/-/mquery-5.0.0.tgz. Extracting by manifest.
679 silly tarball no local data for sift@https://registry.npmjs.org/sift/-/sift-17.1.3.tgz. Extracting by manifest.
680 silly tarball no local data for mongodb@https://registry.npmjs.org/mongodb/-/mongodb-6.8.0.tgz. Extracting by manifest.
681 silly tarball no local data for kareem@https://registry.npmjs.org/kareem/-/kareem-2.6.3.tgz. Extracting by manifest.
682 silly tarball no local data for mpath@https://registry.npmjs.org/mpath/-/mpath-0.9.0.tgz. Extracting by manifest.
683 silly tarball no local data for bson@https://registry.npmjs.org/bson/-/bson-6.8.0.tgz. Extracting by manifest.
684 silly tarball no local data for mime-db@https://registry.npmjs.org/mime-db/-/mime-db-1.52.0.tgz. Extracting by manifest.
685 silly tarball no local data for safer-buffer@https://registry.npmjs.org/safer-buffer/-/safer-buffer-2.1.2.tgz. Extracting by manifest.
686 silly tarball no local data for toidentifier@https://registry.npmjs.org/toidentifier/-/toidentifier-1.0.1.tgz. Extracting by manifest.
687 silly tarball no local data for inherits@https://registry.npmjs.org/inherits/-/inherits-2.0.4.tgz. Extracting by manifest.
688 silly tarball no local data for ms@https://registry.npmjs.org/ms/-/ms-2.0.0.tgz. Extracting by manifest.
689 silly tarball no local data for unpipe@https://registry.npmjs.org/unpipe/-/unpipe-1.0.0.tgz. Extracting by manifest.
690 silly tarball no local data for raw-body@https://registry.npmjs.org/raw-body/-/raw-body-2.5.2.tgz. Extracting by manifest.
691 silly tarball no local data for iconv-lite@https://registry.npmjs.org/iconv-lite/-/iconv-lite-0.4.24.tgz. Extracting by manifest.
692 silly tarball no local data for bytes@https://registry.npmjs.org/bytes/-/bytes-3.1.2.tgz. Extracting by manifest.
693 silly tarball no local data for destroy@https://registry.npmjs.org/destroy/-/destroy-1.2.0.tgz. Extracting by manifest.
694 silly tarball no local data for negotiator@https://registry.npmjs.org/negotiator/-/negotiator-0.6.3.tgz. Extracting by manifest.
695 silly tarball no local data for mime-types@https://registry.npmjs.org/mime-types/-/mime-types-2.1.35.tgz. Extracting by manifest.
696 silly tarball no local data for utils-merge@https://registry.npmjs.org/utils-merge/-/utils-merge-1.0.1.tgz. Extracting by manifest.
697 silly tarball no local data for vary@https://registry.npmjs.org/vary/-/vary-1.1.2.tgz. Extracting by manifest.
698 silly tarball no local data for statuses@https://registry.npmjs.org/statuses/-/statuses-2.0.1.tgz. Extracting by manifest.
699 silly tarball no local data for setprototypeof@https://registry.npmjs.org/setprototypeof/-/setprototypeof-1.2.0.tgz. Extracting by manifest.
700 silly tarball no local data for type-is@https://registry.npmjs.org/type-is/-/type-is-1.6.18.tgz. Extracting by manifest.
701 silly tarball no local data for serve-static@https://registry.npmjs.org/serve-static/-/serve-static-1.16.2.tgz. Extracting by manifest.
702 silly tarball no local data for send@https://registry.npmjs.org/send/-/send-0.19.0.tgz. Extracting by manifest.
703 silly tarball no local data for safe-buffer@https://registry.npmjs.org/safe-buffer/-/safe-buffer-5.2.1.tgz. Extracting by manifest.
704 silly tarball no local data for range-parser@https://registry.npmjs.org/range-parser/-/range-parser-1.2.1.tgz. Extracting by manifest.
705 silly tarball no local data for proxy-addr@https://registry.npmjs.org/proxy-addr/-/proxy-addr-2.0.7.tgz. Extracting by manifest.
706 silly tarball no local data for qs@https://registry.npmjs.org/qs/-/qs-6.13.0.tgz. Extracting by manifest.
707 silly tarball no local data for path-to-regexp@https://registry.npmjs.org/path-to-regexp/-/path-to-regexp-0.1.10.tgz. Extracting by manifest.
708 silly tarball no local data for parseurl@https://registry.npmjs.org/parseurl/-/parseurl-1.3.3.tgz. Extracting by manifest.
709 silly tarball no local data for on-finished@https://registry.npmjs.org/on-finished/-/on-finished-2.4.1.tgz. Extracting by manifest.
710 silly tarball no local data for methods@https://registry.npmjs.org/methods/-/methods-1.1.2.tgz. Extracting by manifest.
711 silly tarball no local data for fresh@https://registry.npmjs.org/fresh/-/fresh-0.5.2.tgz. Extracting by manifest.
712 silly tarball no local data for http-errors@https://registry.npmjs.org/http-errors/-/http-errors-2.0.0.tgz. Extracting by manifest.
713 silly tarball no local data for merge-descriptors@https://registry.npmjs.org/merge-descriptors/-/merge-descriptors-1.0.3.tgz. Extracting by manifest.
714 silly tarball no local data for finalhandler@https://registry.npmjs.org/finalhandler/-/finalhandler-1.3.1.tgz. Extracting by manifest.
715 silly tarball no local data for etag@https://registry.npmjs.org/etag/-/etag-1.8.1.tgz. Extracting by manifest.
716 silly tarball no local data for escape-html@https://registry.npmjs.org/escape-html/-/escape-html-1.0.3.tgz. Extracting by manifest.
717 silly tarball no local data for encodeurl@https://registry.npmjs.org/encodeurl/-/encodeurl-2.0.0.tgz. Extracting by manifest.
718 silly tarball no local data for debug@https://registry.npmjs.org/debug/-/debug-2.6.9.tgz. Extracting by manifest.
719 silly tarball no local data for depd@https://registry.npmjs.org/depd/-/depd-2.0.0.tgz. Extracting by manifest.
720 silly tarball no local data for cookie@https://registry.npmjs.org/cookie/-/cookie-0.6.0.tgz. Extracting by manifest.
721 silly tarball no local data for cookie-signature@https://registry.npmjs.org/cookie-signature/-/cookie-signature-1.0.6.tgz. Extracting by manifest.
722 silly tarball no local data for content-type@https://registry.npmjs.org/content-type/-/content-type-1.0.5.tgz. Extracting by manifest.
723 silly tarball no local data for content-disposition@https://registry.npmjs.org/content-disposition/-/content-disposition-0.5.4.tgz. Extracting by manifest.
724 silly tarball no local data for xlsx@https://registry.npmjs.org/xlsx/-/xlsx-0.18.5.tgz. Extracting by manifest.
725 silly tarball no local data for array-flatten@https://registry.npmjs.org/array-flatten/-/array-flatten-1.1.1.tgz. Extracting by manifest.
726 silly tarball no local data for accepts@https://registry.npmjs.org/accepts/-/accepts-1.3.8.tgz. Extracting by manifest.
727 silly tarball no local data for multer@https://registry.npmjs.org/multer/-/multer-1.4.5-lts.1.tgz. Extracting by manifest.
728 silly tarball no local data for mongoose@https://registry.npmjs.org/mongoose/-/mongoose-8.6.2.tgz. Extracting by manifest.
729 silly tarball no local data for express@https://registry.npmjs.org/express/-/express-4.21.0.tgz. Extracting by manifest.
730 silly tarball no local data for safe-buffer@https://registry.npmjs.org/safe-buffer/-/safe-buffer-5.1.2.tgz. Extracting by manifest.
731 silly tarball no local data for safe-buffer@https://registry.npmjs.org/safe-buffer/-/safe-buffer-5.1.2.tgz. Extracting by manifest.
732 silly tarball no local data for debug@https://registry.npmjs.org/debug/-/debug-4.3.7.tgz. Extracting by manifest.
733 silly tarball no local data for ms@https://registry.npmjs.org/ms/-/ms-2.1.3.tgz. Extracting by manifest.
734 silly tarball no local data for ms@https://registry.npmjs.org/ms/-/ms-2.1.3.tgz. Extracting by manifest.
735 silly tarball no local data for ms@https://registry.npmjs.org/ms/-/ms-2.1.3.tgz. Extracting by manifest.
736 silly tarball no local data for encodeurl@https://registry.npmjs.org/encodeurl/-/encodeurl-1.0.2.tgz. Extracting by manifest.
737 silly tarball no local data for body-parser@https://registry.npmjs.org/body-parser/-/body-parser-1.20.3.tgz. Extracting by manifest.
738 http fetch POST 200 https://registry.npmjs.org/-/npm/v1/security/advisories/bulk 2479ms
739 silly audit report {
739 silly audit report   xlsx: [
739 silly audit report     {
739 silly audit report       id: 1094599,
739 silly audit report       url: 'https://github.com/advisories/GHSA-4r6h-8v6p-xvw6',
739 silly audit report       title: 'Prototype Pollution in sheetJS',
739 silly audit report       severity: 'high',
739 silly audit report       vulnerable_versions: '<0.19.3',
739 silly audit report       cwe: [Array],
739 silly audit report       cvss: [Object]
739 silly audit report     },
739 silly audit report     {
739 silly audit report       id: 1096911,
739 silly audit report       url: 'https://github.com/advisories/GHSA-5pgg-2g8v-p4x9',
739 silly audit report       title: 'SheetJS Regular Expression Denial of Service (ReDoS)',
739 silly audit report       severity: 'high',
739 silly audit report       vulnerable_versions: '<0.20.2',
739 silly audit report       cwe: [Array],
739 silly audit report       cvss: [Object]
739 silly audit report     }
739 silly audit report   ]
739 silly audit report }
740 silly packumentCache corgi:https://registry.npmjs.org/xlsx cache-miss
741 http fetch GET 200 https://registry.npmjs.org/word/-/word-0.3.0.tgz 3496ms (cache miss)
742 http fetch GET 200 https://registry.npmjs.org/hasown/-/hasown-2.0.2.tgz 3544ms (cache miss)
743 http fetch GET 200 https://registry.npmjs.org/ssf/-/ssf-0.11.2.tgz 3632ms (cache miss)
744 http fetch GET 200 https://registry.npmjs.org/adler-32/-/adler-32-1.3.1.tgz 3628ms (cache miss)
745 http fetch GET 200 https://registry.npmjs.org/es-define-property/-/es-define-property-1.0.0.tgz 3599ms (cache miss)
746 http fetch GET 200 https://registry.npmjs.org/has-symbols/-/has-symbols-1.0.3.tgz 3646ms (cache miss)
747 http fetch GET 200 https://registry.npmjs.org/has-proto/-/has-proto-1.0.3.tgz 3644ms (cache miss)
748 http fetch GET 200 https://registry.npmjs.org/function-bind/-/function-bind-1.1.2.tgz 3636ms (cache miss)
749 http fetch GET 200 https://registry.npmjs.org/crc-32/-/crc-32-1.2.2.tgz 3695ms (cache miss)
750 http fetch GET 200 https://registry.npmjs.org/frac/-/frac-1.1.2.tgz 3700ms (cache miss)
751 http fetch GET 200 https://registry.npmjs.org/gopd/-/gopd-1.0.1.tgz 3658ms (cache miss)
752 http fetch GET 200 https://registry.npmjs.org/set-function-length/-/set-function-length-1.2.2.tgz 3687ms (cache miss)
753 http fetch GET 200 https://registry.npmjs.org/util-deprecate/-/util-deprecate-1.0.2.tgz 3675ms (cache miss)
754 http fetch GET 200 https://registry.npmjs.org/string_decoder/-/string_decoder-1.1.1.tgz 3674ms (cache miss)
755 http fetch GET 200 https://registry.npmjs.org/get-intrinsic/-/get-intrinsic-1.2.4.tgz 3682ms (cache miss)
756 http fetch GET 200 https://registry.npmjs.org/ee-first/-/ee-first-1.1.1.tgz 3669ms (cache miss)
757 http fetch GET 200 https://registry.npmjs.org/side-channel/-/side-channel-1.0.6.tgz 3692ms (cache miss)
758 http fetch GET 200 https://registry.npmjs.org/ipaddr.js/-/ipaddr.js-1.9.1.tgz 3691ms (cache miss)
759 http fetch GET 200 https://registry.npmjs.org/process-nextick-args/-/process-nextick-args-2.0.1.tgz 3725ms (cache miss)
760 http fetch GET 200 https://registry.npmjs.org/mime/-/mime-1.6.0.tgz 3730ms (cache miss)
761 http fetch GET 200 https://registry.npmjs.org/es-errors/-/es-errors-1.3.0.tgz 3731ms (cache miss)
762 http fetch GET 200 https://registry.npmjs.org/call-bind/-/call-bind-1.0.7.tgz 3731ms (cache miss)
763 http fetch GET 200 https://registry.npmjs.org/media-typer/-/media-typer-0.3.0.tgz 3771ms (cache miss)
764 http fetch GET 200 https://registry.npmjs.org/typedarray/-/typedarray-0.0.6.tgz 3723ms (cache miss)
765 http fetch GET 200 https://registry.npmjs.org/core-util-is/-/core-util-is-1.0.3.tgz 3729ms (cache miss)
766 http fetch GET 200 https://registry.npmjs.org/forwarded/-/forwarded-0.2.0.tgz 3729ms (cache miss)
767 http fetch GET 200 https://registry.npmjs.org/concat-stream/-/concat-stream-1.6.2.tgz 3718ms (cache miss)
768 http fetch GET 200 https://registry.npmjs.org/@types/whatwg-url/-/whatwg-url-11.0.5.tgz 3713ms (cache miss)
769 http fetch GET 200 https://registry.npmjs.org/@types/webidl-conversions/-/webidl-conversions-7.0.3.tgz 3710ms (cache miss)
770 http fetch GET 200 https://registry.npmjs.org/isarray/-/isarray-1.0.0.tgz 3759ms (cache miss)
771 http fetch GET 200 https://registry.npmjs.org/memory-pager/-/memory-pager-1.5.0.tgz 3800ms (cache miss)
772 http fetch GET 200 https://registry.npmjs.org/kareem/-/kareem-2.6.3.tgz 3722ms (cache miss)
773 http fetch GET 200 https://registry.npmjs.org/punycode/-/punycode-2.3.1.tgz 3836ms (cache miss)
774 http fetch GET 200 https://registry.npmjs.org/has-property-descriptors/-/has-property-descriptors-1.0.2.tgz 3828ms (cache miss)
775 http fetch GET 200 https://registry.npmjs.org/minimist/-/minimist-1.2.8.tgz 3785ms (cache miss)
776 http fetch GET 200 https://registry.npmjs.org/streamsearch/-/streamsearch-1.1.0.tgz 3780ms (cache miss)
777 http fetch GET 200 https://registry.npmjs.org/append-field/-/append-field-1.0.0.tgz 3774ms (cache miss)
778 http fetch GET 200 https://registry.npmjs.org/unpipe/-/unpipe-1.0.0.tgz 3752ms (cache miss)
779 http fetch GET 200 https://registry.npmjs.org/mkdirp/-/mkdirp-0.5.6.tgz 3817ms (cache miss)
780 http fetch GET 200 https://registry.npmjs.org/buffer-from/-/buffer-from-1.1.2.tgz 3824ms (cache miss)
781 http fetch GET 200 https://registry.npmjs.org/negotiator/-/negotiator-0.6.3.tgz 3780ms (cache miss)
782 http fetch GET 200 https://registry.npmjs.org/mongodb-connection-string-url/-/mongodb-connection-string-url-3.0.1.tgz 3830ms (cache miss)
783 http fetch GET 200 https://registry.npmjs.org/destroy/-/destroy-1.2.0.tgz 3806ms (cache miss)
784 http fetch GET 200 https://registry.npmjs.org/mime-types/-/mime-types-2.1.35.tgz 3804ms (cache miss)
785 http fetch GET 200 https://registry.npmjs.org/toidentifier/-/toidentifier-1.0.1.tgz 3816ms (cache miss)
786 http fetch GET 200 https://registry.npmjs.org/object-assign/-/object-assign-4.1.1.tgz 3857ms (cache miss)
787 http fetch GET 200 https://registry.npmjs.org/xtend/-/xtend-4.0.2.tgz 3859ms (cache miss)
788 http fetch GET 200 https://registry.npmjs.org/sparse-bitfield/-/sparse-bitfield-3.0.3.tgz 3848ms (cache miss)
789 http fetch GET 200 https://registry.npmjs.org/statuses/-/statuses-2.0.1.tgz 3817ms (cache miss)
790 http fetch GET 200 https://registry.npmjs.org/serve-static/-/serve-static-1.16.2.tgz 3810ms (cache miss)
791 http fetch GET 200 https://registry.npmjs.org/send/-/send-0.19.0.tgz 3808ms (cache miss)
792 http fetch GET 200 https://registry.npmjs.org/safe-buffer/-/safe-buffer-5.2.1.tgz 3808ms (cache miss)
793 http fetch GET 200 https://registry.npmjs.org/cookie-signature/-/cookie-signature-1.0.6.tgz 2770ms (cache miss)
794 http fetch GET 200 https://registry.npmjs.org/encodeurl/-/encodeurl-2.0.0.tgz 2796ms (cache miss)
795 http fetch GET 200 https://registry.npmjs.org/webidl-conversions/-/webidl-conversions-7.0.0.tgz 3943ms (cache miss)
796 http fetch GET 200 https://registry.npmjs.org/bytes/-/bytes-3.1.2.tgz 3861ms (cache miss)
797 http fetch GET 200 https://registry.npmjs.org/safer-buffer/-/safer-buffer-2.1.2.tgz 3870ms (cache miss)
798 http fetch GET 200 https://registry.npmjs.org/ms/-/ms-2.0.0.tgz 3867ms (cache miss)
799 http fetch GET 200 https://registry.npmjs.org/raw-body/-/raw-body-2.5.2.tgz 3866ms (cache miss)
800 http fetch GET 200 https://registry.npmjs.org/setprototypeof/-/setprototypeof-1.2.0.tgz 3850ms (cache miss)
801 http fetch GET 200 https://registry.npmjs.org/type-is/-/type-is-1.6.18.tgz 3849ms (cache miss)
802 http fetch GET 200 https://registry.npmjs.org/utils-merge/-/utils-merge-1.0.1.tgz 3859ms (cache miss)
803 http fetch GET 200 https://registry.npmjs.org/range-parser/-/range-parser-1.2.1.tgz 3151ms (cache miss)
804 http fetch GET 200 https://registry.npmjs.org/path-to-regexp/-/path-to-regexp-0.1.10.tgz 2902ms (cache miss)
805 http fetch GET 200 https://registry.npmjs.org/parseurl/-/parseurl-1.3.3.tgz 2895ms (cache miss)
806 http fetch GET 200 https://registry.npmjs.org/on-finished/-/on-finished-2.4.1.tgz 2888ms (cache miss)
807 http fetch GET 200 https://registry.npmjs.org/ms/-/ms-2.1.3.tgz 1960ms (cache miss)
808 http fetch GET 200 https://registry.npmjs.org/mime-db/-/mime-db-1.52.0.tgz 3899ms (cache miss)
809 http fetch GET 200 https://registry.npmjs.org/inherits/-/inherits-2.0.4.tgz 3898ms (cache miss)
810 http fetch GET 200 https://registry.npmjs.org/vary/-/vary-1.1.2.tgz 3886ms (cache miss)
811 http fetch GET 200 https://registry.npmjs.org/http-errors/-/http-errors-2.0.0.tgz 2891ms (cache miss)
812 http fetch GET 200 https://registry.npmjs.org/content-type/-/content-type-1.0.5.tgz 2813ms (cache miss)
813 http fetch GET 200 https://registry.npmjs.org/body-parser/-/body-parser-1.20.3.tgz 1959ms (cache miss)
814 http fetch GET 200 https://registry.npmjs.org/methods/-/methods-1.1.2.tgz 2913ms (cache miss)
815 http fetch GET 200 https://registry.npmjs.org/finalhandler/-/finalhandler-1.3.1.tgz 2888ms (cache miss)
816 http fetch GET 200 https://registry.npmjs.org/proxy-addr/-/proxy-addr-2.0.7.tgz 2958ms (cache miss)
817 http fetch GET 200 https://registry.npmjs.org/merge-descriptors/-/merge-descriptors-1.0.3.tgz 2895ms (cache miss)
818 http fetch GET 200 https://registry.npmjs.org/cookie/-/cookie-0.6.0.tgz 2847ms (cache miss)
819 http fetch GET 200 https://registry.npmjs.org/content-disposition/-/content-disposition-0.5.4.tgz 2261ms (cache miss)
820 http fetch GET 200 https://registry.npmjs.org/safe-buffer/-/safe-buffer-5.1.2.tgz 2000ms (cache miss)
821 http fetch GET 200 https://registry.npmjs.org/multer/-/multer-1.4.5-lts.1.tgz 2011ms (cache miss)
822 http fetch GET 200 https://registry.npmjs.org/accepts/-/accepts-1.3.8.tgz 2017ms (cache miss)
823 http fetch GET 200 https://registry.npmjs.org/fresh/-/fresh-0.5.2.tgz 2917ms (cache miss)
824 http fetch GET 200 https://registry.npmjs.org/depd/-/depd-2.0.0.tgz 2862ms (cache miss)
825 http fetch GET 200 https://registry.npmjs.org/array-flatten/-/array-flatten-1.1.1.tgz 2031ms (cache miss)
826 http fetch GET 200 https://registry.npmjs.org/escape-html/-/escape-html-1.0.3.tgz 2886ms (cache miss)
827 http fetch GET 200 https://registry.npmjs.org/encodeurl/-/encodeurl-1.0.2.tgz 1985ms (cache miss)
828 http fetch GET 200 https://registry.npmjs.org/etag/-/etag-1.8.1.tgz 2899ms (cache miss)
829 http fetch GET 200 https://registry.npmjs.org/ms/-/ms-2.1.3.tgz 2002ms (cache miss)
830 http fetch GET 200 https://registry.npmjs.org/ms/-/ms-2.1.3.tgz 1998ms (cache miss)
831 http fetch GET 200 https://registry.npmjs.org/safe-buffer/-/safe-buffer-5.1.2.tgz 2027ms (cache miss)
832 http fetch GET 200 https://registry.npmjs.org/define-data-property/-/define-data-property-1.1.4.tgz 4030ms (cache miss)
833 http fetch GET 200 https://registry.npmjs.org/debug/-/debug-4.3.7.tgz 2035ms (cache miss)
834 http fetch GET 200 https://registry.npmjs.org/mpath/-/mpath-0.9.0.tgz 3964ms (cache miss)
835 http fetch GET 200 https://registry.npmjs.org/readable-stream/-/readable-stream-2.3.8.tgz 4047ms (cache miss)
836 http fetch GET 200 https://registry.npmjs.org/cfb/-/cfb-1.2.2.tgz 4182ms (cache miss)
837 http fetch GET 200 https://registry.npmjs.org/object-inspect/-/object-inspect-1.13.2.tgz 4191ms (cache miss)
838 http fetch GET 200 https://registry.npmjs.org/xlsx 1923ms (cache miss)
839 silly packumentCache corgi:https://registry.npmjs.org/xlsx set size:undefined disposed:false
840 http fetch GET 200 https://registry.npmjs.org/busboy/-/busboy-1.6.0.tgz 4189ms (cache miss)
841 http fetch GET 200 https://registry.npmjs.org/debug/-/debug-2.6.9.tgz 3117ms (cache miss)
842 http fetch GET 200 https://registry.npmjs.org/express/-/express-4.21.0.tgz 2260ms (cache miss)
843 http fetch GET 200 https://registry.npmjs.org/qs/-/qs-6.13.0.tgz 3212ms (cache miss)
844 http fetch GET 200 https://registry.npmjs.org/whatwg-url/-/whatwg-url-13.0.0.tgz 4200ms (cache miss)
845 http fetch GET 200 https://registry.npmjs.org/mquery/-/mquery-5.0.0.tgz 4267ms (cache miss)
846 http fetch GET 200 https://registry.npmjs.org/tr46/-/tr46-4.1.1.tgz 4406ms (cache miss)
847 http fetch GET 200 https://registry.npmjs.org/iconv-lite/-/iconv-lite-0.4.24.tgz 4372ms (cache miss)
848 http fetch GET 200 https://registry.npmjs.org/wmf/-/wmf-1.0.2.tgz 4493ms (cache miss)
849 http fetch GET 200 https://registry.npmjs.org/@mongodb-js/saslprep/-/saslprep-1.1.9.tgz 4482ms (cache miss)
850 http fetch GET 200 https://registry.npmjs.org/sift/-/sift-17.1.3.tgz 4482ms (cache miss)
851 http fetch GET 200 https://registry.npmjs.org/bson/-/bson-6.8.0.tgz 4793ms (cache miss)
852 http fetch GET 200 https://registry.npmjs.org/mongoose/-/mongoose-8.6.2.tgz 3200ms (cache miss)
853 http fetch GET 200 https://registry.npmjs.org/codepage/-/codepage-1.15.0.tgz 5213ms (cache miss)
854 http fetch GET 200 https://registry.npmjs.org/xlsx/-/xlsx-0.18.5.tgz 3434ms (cache miss)
855 http fetch GET 200 https://registry.npmjs.org/mongodb/-/mongodb-6.8.0.tgz 5205ms (cache miss)
856 silly ADD node_modules/frac
857 silly ADD node_modules/word
858 silly ADD node_modules/wmf
859 silly ADD node_modules/ssf
860 silly ADD node_modules/crc-32
861 silly ADD node_modules/codepage
862 silly ADD node_modules/cfb
863 silly ADD node_modules/adler-32
864 silly ADD node_modules/punycode
865 silly ADD node_modules/webidl-conversions
866 silly ADD node_modules/tr46
867 silly ADD node_modules/media-typer
868 silly ADD node_modules/memory-pager
869 silly ADD node_modules/has-property-descriptors
870 silly ADD node_modules/gopd
871 silly ADD node_modules/define-data-property
872 silly ADD node_modules/hasown
873 silly ADD node_modules/has-symbols
874 silly ADD node_modules/has-proto
875 silly ADD node_modules/set-function-length
876 silly ADD node_modules/function-bind
877 silly ADD node_modules/es-define-property
878 silly ADD node_modules/object-inspect
879 silly ADD node_modules/get-intrinsic
880 silly ADD node_modules/es-errors
881 silly ADD node_modules/call-bind
882 silly ADD node_modules/mime
883 silly ADD node_modules/util-deprecate
884 silly ADD node_modules/string_decoder
885 silly ADD node_modules/string_decoder/node_modules/safe-buffer
886 silly ADD node_modules/process-nextick-args
887 silly ADD node_modules/isarray
888 silly ADD node_modules/core-util-is
889 silly ADD node_modules/side-channel
890 silly ADD node_modules/ipaddr.js
891 silly ADD node_modules/forwarded
892 silly ADD node_modules/ee-first
893 silly ADD node_modules/minimist
894 silly ADD node_modules/typedarray
895 silly ADD node_modules/readable-stream
896 silly ADD node_modules/readable-stream/node_modules/safe-buffer
897 silly ADD node_modules/buffer-from
898 silly ADD node_modules/streamsearch
899 silly ADD node_modules/xtend
900 silly ADD node_modules/object-assign
901 silly ADD node_modules/mkdirp
902 silly ADD node_modules/concat-stream
903 silly ADD node_modules/busboy
904 silly ADD node_modules/append-field
905 silly ADD node_modules/@types/webidl-conversions
906 silly ADD node_modules/whatwg-url
907 silly ADD node_modules/@types/whatwg-url
908 silly ADD node_modules/sparse-bitfield
909 silly ADD node_modules/mongodb-connection-string-url
910 silly ADD node_modules/@mongodb-js/saslprep
911 silly ADD node_modules/sift
912 silly ADD node_modules/mquery
913 silly ADD node_modules/mquery/node_modules/ms
914 silly ADD node_modules/mquery/node_modules/debug
915 silly ADD node_modules/mpath
916 silly ADD node_modules/mongodb
917 silly ADD node_modules/kareem
918 silly ADD node_modules/bson
919 silly ADD node_modules/mime-db
920 silly ADD node_modules/safer-buffer
921 silly ADD node_modules/toidentifier
922 silly ADD node_modules/inherits
923 silly ADD node_modules/ms
924 silly ADD node_modules/unpipe
925 silly ADD node_modules/raw-body
926 silly ADD node_modules/iconv-lite
927 silly ADD node_modules/destroy
928 silly ADD node_modules/bytes
929 silly ADD node_modules/negotiator
930 silly ADD node_modules/mime-types
931 silly ADD node_modules/vary
932 silly ADD node_modules/utils-merge
933 silly ADD node_modules/type-is
934 silly ADD node_modules/statuses
935 silly ADD node_modules/setprototypeof
936 silly ADD node_modules/serve-static
937 silly ADD node_modules/send
938 silly ADD node_modules/send/node_modules/ms
939 silly ADD node_modules/send/node_modules/encodeurl
940 silly ADD node_modules/safe-buffer
941 silly ADD node_modules/range-parser
942 silly ADD node_modules/qs
943 silly ADD node_modules/proxy-addr
944 silly ADD node_modules/path-to-regexp
945 silly ADD node_modules/parseurl
946 silly ADD node_modules/on-finished
947 silly ADD node_modules/methods
948 silly ADD node_modules/merge-descriptors
949 silly ADD node_modules/http-errors
950 silly ADD node_modules/fresh
951 silly ADD node_modules/finalhandler
952 silly ADD node_modules/etag
953 silly ADD node_modules/escape-html
954 silly ADD node_modules/encodeurl
955 silly ADD node_modules/depd
956 silly ADD node_modules/debug
957 silly ADD node_modules/cookie-signature
958 silly ADD node_modules/cookie
959 silly ADD node_modules/content-type
960 silly ADD node_modules/content-disposition
961 silly ADD node_modules/body-parser
962 silly ADD node_modules/array-flatten
963 silly ADD node_modules/accepts
964 silly ADD node_modules/xlsx
965 silly ADD node_modules/multer
966 silly ADD node_modules/mongoose
967 silly ADD node_modules/mongoose/node_modules/ms
968 silly ADD node_modules/express
969 verbose cwd /home/user/backend
970 verbose os Linux 5.10.186+
971 verbose node v20.17.0
972 verbose npm  v10.8.2
973 verbose exit 0
974 info ok
